\BOOKMARK [0][-]{chapter*.2}{Povzetek}{}% 1
\BOOKMARK [0][-]{chapter*.3}{Abstract}{}% 2
\BOOKMARK [0][-]{chapter.1}{Uvod}{}% 3
\BOOKMARK [0][-]{chapter.2}{Uporabljene tehnologije in programske opreme}{}% 4
\BOOKMARK [1][-]{section.2.1}{Vue.js}{chapter.2}% 5
\BOOKMARK [2][-]{subsection.2.1.1}{Kaj je reaktivnost?}{section.2.1}% 6
\BOOKMARK [2][-]{subsection.2.1.2}{Delovanje reaktivnost v Vue}{section.2.1}% 7
\BOOKMARK [2][-]{subsection.2.1.3}{Vue CLI in Vuex}{section.2.1}% 8
\BOOKMARK [0][-]{chapter.3}{Test}{}% 9
\BOOKMARK [1][-]{section.3.1}{Vizija}{chapter.3}% 10
\BOOKMARK [0][-]{chapter.4}{Osnovni gradniki LaTeXa}{}% 11
\BOOKMARK [0][-]{chapter.5}{Matematicno okolje in sklicevanje na besedilne konstrukte}{}% 12
\BOOKMARK [0][-]{chapter.6}{Plovke: slike in tabele}{}% 13
\BOOKMARK [1][-]{section.6.1}{Formati slik}{chapter.6}% 14
\BOOKMARK [2][-]{subsection.6.1.1}{Podnapisi k slikam in tabelam}{section.6.1}% 15
\BOOKMARK [0][-]{chapter.7}{Struktura strokovnih besedil}{}% 16
\BOOKMARK [0][-]{chapter.8}{Pogoste napake pri pisanju v sloven\235cini}{}% 17
\BOOKMARK [0][-]{chapter.9}{Koristni nasveti pri pisanju v LaTeXu}{}% 18
\BOOKMARK [1][-]{section.9.1}{Pisave v LaTeXu}{chapter.9}% 19
\BOOKMARK [0][-]{chapter.10}{Kaj pa literatura?}{}% 20
\BOOKMARK [1][-]{section.10.1}{Izbiranje virov za spisek literature}{chapter.10}% 21
\BOOKMARK [0][-]{chapter.11}{Sistem STUDIS in PDF/A}{}% 22
\BOOKMARK [0][-]{chapter.12}{Sklepne ugotovitve}{}% 23
\BOOKMARK [0][-]{chapter.12}{Literatura}{}% 24
