This is pdfTeX, Version 3.14159265-2.6-1.40.18 (MiKTeX 2.9.6500 64-bit) (preloaded format=pdflatex 2017.10.12)  18 JUL 2021 21:39
entering extended mode
**./vzorec_dip_Seminar.tex
(vzorec_dip_Seminar.tex
LaTeX2e <2017-04-15>
Babel <3.10> and hyphenation patterns for 75 language(s) loaded.
("C:\Program Files\MiKTeX 2.9\tex\latex\base\book.cls"
Document Class: book 2014/09/29 v1.4h Standard LaTeX document class
("C:\Program Files\MiKTeX 2.9\tex\latex\base\bk12.clo"
File: bk12.clo 2014/09/29 v1.4h Standard LaTeX file (size option)
)
\c@part=\count79
\c@chapter=\count80
\c@section=\count81
\c@subsection=\count82
\c@subsubsection=\count83
\c@paragraph=\count84
\c@subparagraph=\count85
\c@figure=\count86
\c@table=\count87
\abovecaptionskip=\skip41
\belowcaptionskip=\skip42
\bibindent=\dimen102
)
("C:\Program Files\MiKTeX 2.9\tex\latex\base\inputenc.sty"
Package: inputenc 2015/03/17 v1.2c Input encoding file
\inpenc@prehook=\toks14
\inpenc@posthook=\toks15

(C:\Users\lukah\AppData\Roaming\MiKTeX\2.9\tex\latex\ucs\utf8x.def
File: utf8x.def 2004/10/17 UCS: Input encoding UTF-8
))
(C:\Users\lukah\AppData\Roaming\MiKTeX\2.9\tex\latex\ucs\ucs.sty
Package: ucs 2013/05/11 v2.2 UCS: Unicode input support

(C:\Users\lukah\AppData\Roaming\MiKTeX\2.9\tex\latex\ucs\uni-global.def
File: uni-global.def 2013/05/13 UCS: Unicode global data
)
\uc@secondtry=\count88
\uc@combtoks=\toks16
\uc@combtoksb=\toks17
\uc@temptokena=\toks18
)
("C:\Program Files\MiKTeX 2.9\tex\generic\babel\babel.sty"
Package: babel 2017/11/03 3.15 The Babel package

("C:\Program Files\MiKTeX 2.9\tex\generic\babel\switch.def"
File: switch.def 2017/11/03 3.15 Babel switching mechanism
)
*************************************
* Local config file bblopts.cfg used
*
(C:\Users\lukah\AppData\Roaming\MiKTeX\2.9\tex\latex\arabi\bblopts.cfg
File: bblopts.cfg 2005/09/08 v0.1 add Arabic and Farsi to "declared" options of
 babel
)
(C:\Users\lukah\AppData\Roaming\MiKTeX\2.9\tex\latex\babel-slovenian\slovene.ld
f
Language: slovene 2005/03/31 v1.2m Slovene support from the babel system
 ("C:\Program Files\MiKTeX 2.9\tex\generic\babel\babel.def"
File: babel.def 2017/11/03 3.15 Babel common definitions

("C:\Program Files\MiKTeX 2.9\tex\generic\babel\switch.def"
File: switch.def 2017/11/03 3.15 Babel switching mechanism
)
\babel@savecnt=\count89
\U@D=\dimen103
)
Package babel Info: Making " an active character on input line 79.
)
("C:\Program Files\MiKTeX 2.9\tex\latex\babel-english\english.ldf"
Language: english 2017/06/06 v3.3r English support from the babel system
\l@canadian = a dialect from \language\l@american 
\l@australian = a dialect from \language\l@british 
\l@newzealand = a dialect from \language\l@british 
))
("C:\Program Files\MiKTeX 2.9\tex\latex\graphics\graphicx.sty"
Package: graphicx 2017/06/01 v1.1a Enhanced LaTeX Graphics (DPC,SPQR)

("C:\Program Files\MiKTeX 2.9\tex\latex\graphics\keyval.sty"
Package: keyval 2014/10/28 v1.15 key=value parser (DPC)
\KV@toks@=\toks19
)
("C:\Program Files\MiKTeX 2.9\tex\latex\graphics\graphics.sty"
Package: graphics 2017/06/25 v1.2c Standard LaTeX Graphics (DPC,SPQR)

("C:\Program Files\MiKTeX 2.9\tex\latex\graphics\trig.sty"
Package: trig 2016/01/03 v1.10 sin cos tan (DPC)
)
("C:\Program Files\MiKTeX 2.9\tex\latex\graphics-cfg\graphics.cfg"
File: graphics.cfg 2016/06/04 v1.11 sample graphics configuration
)
Package graphics Info: Driver file: pdftex.def on input line 99.

("C:\Program Files\MiKTeX 2.9\tex\latex\graphics-def\pdftex.def"
File: pdftex.def 2017/06/24 v1.0g Graphics/color driver for pdftex
))
\Gin@req@height=\dimen104
\Gin@req@width=\dimen105
)
(C:\Users\lukah\AppData\Roaming\MiKTeX\2.9\tex\latex\fancyhdr\fancyhdr.sty
Package: fancyhdr 2017/06/30 v3.9a Extensive control of page headers and footer
s
\f@nch@headwidth=\skip43
\f@nch@O@elh=\skip44
\f@nch@O@erh=\skip45
\f@nch@O@olh=\skip46
\f@nch@O@orh=\skip47
\f@nch@O@elf=\skip48
\f@nch@O@erf=\skip49
\f@nch@O@olf=\skip50
\f@nch@O@orf=\skip51
)
("C:\Program Files\MiKTeX 2.9\tex\latex\amsfonts\amssymb.sty"
Package: amssymb 2013/01/14 v3.01 AMS font symbols

("C:\Program Files\MiKTeX 2.9\tex\latex\amsfonts\amsfonts.sty"
Package: amsfonts 2013/01/14 v3.01 Basic AMSFonts support
\@emptytoks=\toks20
\symAMSa=\mathgroup4
\symAMSb=\mathgroup5
LaTeX Font Info:    Overwriting math alphabet `\mathfrak' in version `bold'
(Font)                  U/euf/m/n --> U/euf/b/n on input line 106.
))
("C:\Program Files\MiKTeX 2.9\tex\latex\amsmath\amsmath.sty"
Package: amsmath 2017/09/02 v2.17a AMS math features
\@mathmargin=\skip52

For additional information on amsmath, use the `?' option.
("C:\Program Files\MiKTeX 2.9\tex\latex\amsmath\amstext.sty"
Package: amstext 2000/06/29 v2.01 AMS text

("C:\Program Files\MiKTeX 2.9\tex\latex\amsmath\amsgen.sty"
File: amsgen.sty 1999/11/30 v2.0 generic functions
\@emptytoks=\toks21
\ex@=\dimen106
))
("C:\Program Files\MiKTeX 2.9\tex\latex\amsmath\amsbsy.sty"
Package: amsbsy 1999/11/29 v1.2d Bold Symbols
\pmbraise@=\dimen107
)
("C:\Program Files\MiKTeX 2.9\tex\latex\amsmath\amsopn.sty"
Package: amsopn 2016/03/08 v2.02 operator names
)
\inf@bad=\count90
LaTeX Info: Redefining \frac on input line 213.
\uproot@=\count91
\leftroot@=\count92
LaTeX Info: Redefining \overline on input line 375.
\classnum@=\count93
\DOTSCASE@=\count94
LaTeX Info: Redefining \ldots on input line 472.
LaTeX Info: Redefining \dots on input line 475.
LaTeX Info: Redefining \cdots on input line 596.
\Mathstrutbox@=\box26
\strutbox@=\box27
\big@size=\dimen108
LaTeX Font Info:    Redeclaring font encoding OML on input line 712.
LaTeX Font Info:    Redeclaring font encoding OMS on input line 713.
\macc@depth=\count95
\c@MaxMatrixCols=\count96
\dotsspace@=\muskip10
\c@parentequation=\count97
\dspbrk@lvl=\count98
\tag@help=\toks22
\row@=\count99
\column@=\count100
\maxfields@=\count101
\andhelp@=\toks23
\eqnshift@=\dimen109
\alignsep@=\dimen110
\tagshift@=\dimen111
\tagwidth@=\dimen112
\totwidth@=\dimen113
\lineht@=\dimen114
\@envbody=\toks24
\multlinegap=\skip53
\multlinetaggap=\skip54
\mathdisplay@stack=\toks25
LaTeX Info: Redefining \[ on input line 2817.
LaTeX Info: Redefining \] on input line 2818.
)
(C:\Users\lukah\AppData\Roaming\MiKTeX\2.9\tex\latex\url\url.sty
\Urlmuskip=\muskip11
Package: url 2013/09/16  ver 3.4  Verb mode for urls, etc.
)
(C:\Users\lukah\AppData\Roaming\MiKTeX\2.9\tex\latex\comment\comment.sty
\CommentStream=\write3

Excluding comment 'comment')
("C:\Program Files\MiKTeX 2.9\tex\latex\hyperref\hyperref.sty"
Package: hyperref 2017/03/14 v6.85a Hypertext links for LaTeX

("C:\Program Files\MiKTeX 2.9\tex\generic\oberdiek\hobsub-hyperref.sty"
Package: hobsub-hyperref 2016/05/16 v1.14 Bundle oberdiek, subset hyperref (HO)


("C:\Program Files\MiKTeX 2.9\tex\generic\oberdiek\hobsub-generic.sty"
Package: hobsub-generic 2016/05/16 v1.14 Bundle oberdiek, subset generic (HO)
Package: hobsub 2016/05/16 v1.14 Construct package bundles (HO)
Package: infwarerr 2016/05/16 v1.4 Providing info/warning/error messages (HO)
Package: ltxcmds 2016/05/16 v1.23 LaTeX kernel commands for general use (HO)
Package: ifluatex 2016/05/16 v1.4 Provides the ifluatex switch (HO)
Package ifluatex Info: LuaTeX not detected.
Package: ifvtex 2016/05/16 v1.6 Detect VTeX and its facilities (HO)
Package ifvtex Info: VTeX not detected.
Package: intcalc 2016/05/16 v1.2 Expandable calculations with integers (HO)
Package: ifpdf 2017/03/15 v3.2 Provides the ifpdf switch
Package: etexcmds 2016/05/16 v1.6 Avoid name clashes with e-TeX commands (HO)
Package etexcmds Info: Could not find \expanded.
(etexcmds)             That can mean that you are not using pdfTeX 1.50 or
(etexcmds)             that some package has redefined \expanded.
(etexcmds)             In the latter case, load this package earlier.
Package: kvsetkeys 2016/05/16 v1.17 Key value parser (HO)
Package: kvdefinekeys 2016/05/16 v1.4 Define keys (HO)
Package: pdftexcmds 2017/03/19 v0.25 Utility functions of pdfTeX for LuaTeX (HO
)
Package pdftexcmds Info: LuaTeX not detected.
Package pdftexcmds Info: \pdf@primitive is available.
Package pdftexcmds Info: \pdf@ifprimitive is available.
Package pdftexcmds Info: \pdfdraftmode found.
Package: pdfescape 2016/05/16 v1.14 Implements pdfTeX's escape features (HO)
Package: bigintcalc 2016/05/16 v1.4 Expandable calculations on big integers (HO
)
Package: bitset 2016/05/16 v1.2 Handle bit-vector datatype (HO)
Package: uniquecounter 2016/05/16 v1.3 Provide unlimited unique counter (HO)
)
Package hobsub Info: Skipping package `hobsub' (already loaded).
Package: letltxmacro 2016/05/16 v1.5 Let assignment for LaTeX macros (HO)
Package: hopatch 2016/05/16 v1.3 Wrapper for package hooks (HO)
Package: xcolor-patch 2016/05/16 xcolor patch
Package: atveryend 2016/05/16 v1.9 Hooks at the very end of document (HO)
Package atveryend Info: \enddocument detected (standard20110627).
Package: atbegshi 2016/06/09 v1.18 At begin shipout hook (HO)
Package: refcount 2016/05/16 v3.5 Data extraction from label references (HO)
Package: hycolor 2016/05/16 v1.8 Color options for hyperref/bookmark (HO)
)
("C:\Program Files\MiKTeX 2.9\tex\generic\ifxetex\ifxetex.sty"
Package: ifxetex 2010/09/12 v0.6 Provides ifxetex conditional
)
("C:\Program Files\MiKTeX 2.9\tex\latex\oberdiek\auxhook.sty"
Package: auxhook 2016/05/16 v1.4 Hooks for auxiliary files (HO)
)
("C:\Program Files\MiKTeX 2.9\tex\latex\oberdiek\kvoptions.sty"
Package: kvoptions 2016/05/16 v3.12 Key value format for package options (HO)
)
\@linkdim=\dimen115
\Hy@linkcounter=\count102
\Hy@pagecounter=\count103

("C:\Program Files\MiKTeX 2.9\tex\latex\hyperref\pd1enc.def"
File: pd1enc.def 2017/03/14 v6.85a Hyperref: PDFDocEncoding definition (HO)
)
\Hy@SavedSpaceFactor=\count104

("C:\Program Files\MiKTeX 2.9\tex\latex\00miktex\hyperref.cfg"
File: hyperref.cfg 2002/06/06 v1.2 hyperref configuration of TeXLive
)
Package hyperref Info: Option `colorlinks' set `true' on input line 4374.
Package hyperref Info: Hyper figures OFF on input line 4498.
Package hyperref Info: Link nesting OFF on input line 4503.
Package hyperref Info: Hyper index ON on input line 4506.
Package hyperref Info: Plain pages OFF on input line 4513.
Package hyperref Info: Backreferencing OFF on input line 4518.
Package hyperref Info: Implicit mode ON; LaTeX internals redefined.
Package hyperref Info: Bookmarks ON on input line 4751.
\c@Hy@tempcnt=\count105
LaTeX Info: Redefining \url on input line 5104.
\XeTeXLinkMargin=\dimen116
\Fld@menulength=\count106
\Field@Width=\dimen117
\Fld@charsize=\dimen118
Package hyperref Info: Hyper figures OFF on input line 6358.
Package hyperref Info: Link nesting OFF on input line 6363.
Package hyperref Info: Hyper index ON on input line 6366.
Package hyperref Info: backreferencing OFF on input line 6373.
Package hyperref Info: Link coloring OFF on input line 6378.
Package hyperref Info: Link coloring with OCG OFF on input line 6383.
Package hyperref Info: PDF/A mode OFF on input line 6388.
LaTeX Info: Redefining \ref on input line 6428.
LaTeX Info: Redefining \pageref on input line 6432.
\Hy@abspage=\count107
\c@Item=\count108
\c@Hfootnote=\count109
)

Package hyperref Message: Driver: hpdftex.

("C:\Program Files\MiKTeX 2.9\tex\latex\hyperref\hpdftex.def"
File: hpdftex.def 2017/03/14 v6.85a Hyperref driver for pdfTeX
\Fld@listcount=\count110
\c@bookmark@seq@number=\count111

("C:\Program Files\MiKTeX 2.9\tex\latex\oberdiek\rerunfilecheck.sty"
Package: rerunfilecheck 2016/05/16 v1.8 Rerun checks for auxiliary files (HO)
Package uniquecounter Info: New unique counter `rerunfilecheck' on input line 2
82.
)
\Hy@SectionHShift=\skip55
)
("C:\Program Files\MiKTeX 2.9\tex\latex\graphics\color.sty"
Package: color 2016/07/10 v1.1e Standard LaTeX Color (DPC)

("C:\Program Files\MiKTeX 2.9\tex\latex\graphics-cfg\color.cfg"
File: color.cfg 2016/01/02 v1.6 sample color configuration
)
Package color Info: Driver file: pdftex.def on input line 147.
)
(C:\Users\lukah\AppData\Roaming\MiKTeX\2.9\tex\latex\soul\soul.sty
Package: soul 2003/11/17 v2.4 letterspacing/underlining (mf)
\SOUL@word=\toks26
\SOUL@lasttoken=\toks27
\SOUL@cmds=\toks28
\SOUL@buffer=\toks29
\SOUL@token=\toks30
\SOUL@spaceskip=\skip56
\SOUL@ttwidth=\dimen119
\SOUL@uldp=\dimen120
\SOUL@ulht=\dimen121
)
(C:\Users\lukah\AppData\Roaming\MiKTeX\2.9\tex\latex\ucs\uni-1.def
File: uni-1.def 2013/05/13 UCS: Unicode data U+0100..U+01FF
)

Package hyperref Warning: Composite letter `\textasciicaron+c'
(hyperref)                not defined in PD1 encoding,
(hyperref)                removing `\textasciicaron' on input line 64.

\c@izrek=\count112
\c@trditev=\count113
\countA=\count114
(C:\Users\lukah\AppData\Roaming\MiKTeX\2.9\tex\latex\xmpincl\xmpincl.sty
Package: xmpincl 2008/05/10 v2.2 Include XMP data in pdflatex

("C:\Program Files\MiKTeX 2.9\tex\latex\base\ifthen.sty"
Package: ifthen 2014/09/29 v1.1c Standard LaTeX ifthen package (DPC)
))
\xmpinclWrite=\write4
\xmpinclRead=\read1
\openout4 = `pdfa-1b.xmpi'.

<<pdfa-1b.xmpi>>
(vzorec_dip_Seminar.aux)
\openout1 = `vzorec_dip_Seminar.aux'.

LaTeX Font Info:    Checking defaults for OML/cmm/m/it on input line 179.
LaTeX Font Info:    ... okay on input line 179.
LaTeX Font Info:    Checking defaults for T1/cmr/m/n on input line 179.
LaTeX Font Info:    ... okay on input line 179.
LaTeX Font Info:    Checking defaults for OT1/cmr/m/n on input line 179.
LaTeX Font Info:    ... okay on input line 179.
LaTeX Font Info:    Checking defaults for OMS/cmsy/m/n on input line 179.
LaTeX Font Info:    ... okay on input line 179.
LaTeX Font Info:    Checking defaults for OMX/cmex/m/n on input line 179.
LaTeX Font Info:    ... okay on input line 179.
LaTeX Font Info:    Checking defaults for U/cmr/m/n on input line 179.
LaTeX Font Info:    ... okay on input line 179.
LaTeX Font Info:    Checking defaults for PD1/pdf/m/n on input line 179.
LaTeX Font Info:    ... okay on input line 179.

(C:\Users\lukah\AppData\Roaming\MiKTeX\2.9\tex\latex\ucs\ucsencs.def
File: ucsencs.def 2011/01/21 Fixes to fontencodings LGR, T3
)
(C:\Users\lukah\AppData\Roaming\MiKTeX\2.9\tex\context\base\supp-pdf.mkii
[Loading MPS to PDF converter (version 2006.09.02).]
\scratchcounter=\count115
\scratchdimen=\dimen122
\scratchbox=\box28
\nofMPsegments=\count116
\nofMParguments=\count117
\everyMPshowfont=\toks31
\MPscratchCnt=\count118
\MPscratchDim=\dimen123
\MPnumerator=\count119
\makeMPintoPDFobject=\count120
\everyMPtoPDFconversion=\toks32
) ("C:\Program Files\MiKTeX 2.9\tex\latex\oberdiek\epstopdf-base.sty"
Package: epstopdf-base 2016/05/15 v2.6 Base part for package epstopdf

("C:\Program Files\MiKTeX 2.9\tex\latex\oberdiek\grfext.sty"
Package: grfext 2016/05/16 v1.2 Manage graphics extensions (HO)
)
Package epstopdf-base Info: Redefining graphics rule for `.eps' on input line 4
38.
Package grfext Info: Graphics extension search list:
(grfext)             [.pdf,.png,.jpg,.mps,.jpeg,.jbig2,.jb2,.PDF,.PNG,.JPG,.JPE
G,.JBIG2,.JB2,.eps]
(grfext)             \AppendGraphicsExtensions on input line 456.
)
\AtBeginShipoutBox=\box29
Package hyperref Info: Link coloring OFF on input line 179.

("C:\Program Files\MiKTeX 2.9\tex\latex\hyperref\nameref.sty"
Package: nameref 2016/05/21 v2.44 Cross-referencing by name of section

("C:\Program Files\MiKTeX 2.9\tex\generic\oberdiek\gettitlestring.sty"
Package: gettitlestring 2016/05/16 v1.5 Cleanup title references (HO)
)
\c@section@level=\count121
)
LaTeX Info: Redefining \ref on input line 179.
LaTeX Info: Redefining \pageref on input line 179.
LaTeX Info: Redefining \nameref on input line 179.

(vzorec_dip_Seminar.out) (vzorec_dip_Seminar.out)
\@outlinefile=\write5
\openout5 = `vzorec_dip_Seminar.out'.

Package babel Info: Redefining slovene shorthand "|
(babel)             in language  on input line 218.
Package babel Info: Redefining slovene shorthand "|
(babel)             in language  on input line 218.
 [1


{C:/Users/lukah/AppData/Local/MiKTeX/2.9/pdftex/config/pdftex.map}]
LaTeX Font Info:    Try loading font information for U+msa on input line 221.

("C:\Program Files\MiKTeX 2.9\tex\latex\amsfonts\umsa.fd"
File: umsa.fd 2013/01/14 v3.01 AMS symbols A
)
LaTeX Font Info:    Try loading font information for U+msb on input line 221.

("C:\Program Files\MiKTeX 2.9\tex\latex\amsfonts\umsb.fd"
File: umsb.fd 2013/01/14 v3.01 AMS symbols B
)
Package babel Info: Redefining slovene shorthand "|
(babel)             in language  on input line 224.
Package babel Info: Redefining slovene shorthand "|
(babel)             in language  on input line 224.
pdfTeX warning (ext4): destination with the same identifier (name{page.}) has b
een already used, duplicate ignored
<to be read again> 
                   \relax 
l.224 \clearemptydoublepage
                            [2]
Package babel Info: Redefining slovene shorthand "|
(babel)             in language  on input line 253.
Package babel Info: Redefining slovene shorthand "|
(babel)             in language  on input line 253.
pdfTeX warning (ext4): destination with the same identifier (name{page.}) has b
een already used, duplicate ignored
<to be read again> 
                   \relax 
l.253 \clearemptydoublepage
                            [3

]
Package babel Info: Redefining slovene shorthand "|
(babel)             in language  on input line 253.
Package babel Info: Redefining slovene shorthand "|
(babel)             in language  on input line 253.
pdfTeX warning (ext4): destination with the same identifier (name{page.}) has b
een already used, duplicate ignored
<to be read again> 
                   \relax 
l.253 \clearemptydoublepage
                            [4

]
Package babel Info: Redefining slovene shorthand "|
(babel)             in language  on input line 262.
Package babel Info: Redefining slovene shorthand "|
(babel)             in language  on input line 262.
pdfTeX warning (ext4): destination with the same identifier (name{page.}) has b
een already used, duplicate ignored
<to be read again> 
                   \relax 
l.262 \clearemptydoublepage
                            [5]
Package babel Info: Redefining slovene shorthand "|
(babel)             in language  on input line 262.
Package babel Info: Redefining slovene shorthand "|
(babel)             in language  on input line 262.
pdfTeX warning (ext4): destination with the same identifier (name{page.}) has b
een already used, duplicate ignored
<to be read again> 
                   \relax 
l.262 \clearemptydoublepage
                            [6

] (vzorec_dip_Seminar.toc
Package babel Info: Redefining slovene shorthand "|
(babel)             in language  on input line 22.
Package babel Info: Redefining slovene shorthand "|
(babel)             in language  on input line 22.
pdfTeX warning (ext4): destination with the same identifier (name{page.}) has b
een already used, duplicate ignored
<to be read again> 
                   \relax 
l.22 ...i pri pisanju v \LaTeX {u}}{21}{chapter.9}
                                                   [7


])
\tf@toc=\write6
\openout6 = `vzorec_dip_Seminar.toc'.

Package babel Info: Redefining slovene shorthand "|
(babel)             in language  on input line 281.
Package babel Info: Redefining slovene shorthand "|
(babel)             in language  on input line 281.
pdfTeX warning (ext4): destination with the same identifier (name{page.}) has b
een already used, duplicate ignored
<to be read again> 
                   \relax 
l.281 \clearemptydoublepage
                            [8] Excluding 'comment' comment.
Overfull \hbox (1.76152pt too wide) in paragraph at lines 301--301
[]\OT1/cmr/bx/n/12 kratica| 
 []

Package babel Info: Redefining slovene shorthand "|
(babel)             in language  on input line 313.
Package babel Info: Redefining slovene shorthand "|
(babel)             in language  on input line 313.
pdfTeX warning (ext4): destination with the same identifier (name{page.}) has b
een already used, duplicate ignored
<to be read again> 
                   \relax 
l.313 \clearemptydoublepage
                            [9


]
Package babel Info: Redefining slovene shorthand "|
(babel)             in language  on input line 313.
Package babel Info: Redefining slovene shorthand "|
(babel)             in language  on input line 313.
pdfTeX warning (ext4): destination with the same identifier (name{page.}) has b
een already used, duplicate ignored
<to be read again> 
                   \relax 
l.313 \clearemptydoublepage
                            [10

]
Package babel Info: Redefining slovene shorthand "|
(babel)             in language  on input line 317.
Package babel Info: Redefining slovene shorthand "|
(babel)             in language  on input line 332.
Package babel Info: Redefining slovene shorthand "|
(babel)             in language  on input line 332.
pdfTeX warning (ext4): destination with the same identifier (name{page.}) has b
een already used, duplicate ignored
<to be read again> 
                   \relax 
l.332 \clearemptydoublepage
                            [11

]
Package babel Info: Redefining slovene shorthand "|
(babel)             in language  on input line 332.
Package babel Info: Redefining slovene shorthand "|
(babel)             in language  on input line 332.
pdfTeX warning (ext4): destination with the same identifier (name{page.}) has b
een already used, duplicate ignored
<to be read again> 
                   \relax 
l.332 \clearemptydoublepage
                            [12

]
Package babel Info: Redefining slovene shorthand "|
(babel)             in language  on input line 354.
Package babel Info: Redefining slovene shorthand "|
(babel)             in language  on input line 354.
pdfTeX warning (ext4): destination with the same identifier (name{page.}) has b
een already used, duplicate ignored
<to be read again> 
                   \relax 
l.354 \clearemptydoublepage
                            [13

]
Package babel Info: Redefining slovene shorthand "|
(babel)             in language  on input line 354.
Package babel Info: Redefining slovene shorthand "|
(babel)             in language  on input line 354.
pdfTeX warning (ext4): destination with the same identifier (name{page.}) has b
een already used, duplicate ignored
<to be read again> 
                   \relax 
l.354 \clearemptydoublepage
                            [14

]
Poglavje 1.
Package babel Info: Redefining slovene shorthand "|
(babel)             in language  on input line 361.
Package babel Info: Redefining slovene shorthand "|
(babel)             in language  on input line 368.
Package babel Info: Redefining slovene shorthand "|
(babel)             in language  on input line 368.
[1


]
Package babel Info: Redefining slovene shorthand "|
(babel)             in language  on input line 368.
Package babel Info: Redefining slovene shorthand "|
(babel)             in language  on input line 368.
 [2

]
Poglavje 2.
Package babel Info: Redefining slovene shorthand "|
(babel)             in language  on input line 368.

LaTeX Warning: Reference `FunkVloge' on page 3 undefined on input line 372.

<Skica2.png, id=188, 455.301pt x 341.3553pt>
File: Skica2.png Graphic file (type png)
<use Skica2.png>
Package pdftex.def Info: Skica2.png  used on input line 376. on input line 376.

Package pdftex.def Info: Requested size: 341.43306pt x 255.98978pt on input lin
e 376.
Package babel Info: Redefining slovene shorthand "|
(babel)             in language  on input line 383.
Package babel Info: Redefining slovene shorthand "|
(babel)             in language  on input line 383.
[3 <./Skica2.png>]

LaTeX Warning: Reference `StrukApk' on page 4 undefined on input line 385.

<Skica1.png, id=196, 455.301pt x 341.3553pt>
File: Skica1.png Graphic file (type png)
<use Skica1.png>
Package pdftex.def Info: Skica1.png  used on input line 389. on input line 389.

Package pdftex.def Info: Requested size: 312.9803pt x 234.66034pt on input line
 389.
Package babel Info: Redefining slovene shorthand "|
(babel)             in language  on input line 400.

LaTeX Warning: Reference `Database_physical' on page 4 undefined on input line 
401.

Package babel Info: Redefining slovene shorthand "|
(babel)             in language  on input line 402.
Package babel Info: Redefining slovene shorthand "|
(babel)             in language  on input line 402.
[4 <./Skica1.png>]
<Database_physical.jpg, id=202, 495.35063pt x 627.84563pt>
File: Database_physical.jpg Graphic file (type jpg)
<use Database_physical.jpg>
Package pdftex.def Info: Database_physical.jpg  used on input line 405. on inpu
t line 405.
Package pdftex.def Info: Requested size: 331.50238pt x 420.17537pt on input lin
e 405.

(C:\Users\lukah\AppData\Roaming\MiKTeX\2.9\tex\latex\ucs\uni-32.def
File: uni-32.def 2013/05/13 UCS: Unicode data U+2000..U+20FF
)
Package babel Info: Redefining slovene shorthand "|
(babel)             in language  on input line 412.
Package babel Info: Redefining slovene shorthand "|
(babel)             in language  on input line 412.
 [5 <./Database_physical.jpg>]

LaTeX Warning: Citation `Toad_Data_Modeler' on page 6 undefined on input line 4
23.


LaTeX Warning: Citation `MySQL' on page 6 undefined on input line 425.


Overfull \hbox (2.36272pt too wide) in paragraph at lines 425--426
[]\OT1/cmr/m/n/12 Podatkovni mo-del smo im-ple-men-ti-rali na fizicnem ni-voju
 v SUPB MySQL.
 []


Underfull \vbox (badness 1406) has occurred while \output is active []

Package babel Info: Redefining slovene shorthand "|
(babel)             in language  on input line 426.
Package babel Info: Redefining slovene shorthand "|
(babel)             in language  on input line 426.
 [6]
Package babel Info: Redefining slovene shorthand "|
(babel)             in language  on input line 428.


LaTeX Warning: Citation `RESTAPI' on page 7 undefined on input line 429.


Overfull \hbox (2.04051pt too wide) in paragraph at lines 433--434
[]\OT1/cmr/m/n/12 2.) \OT1/cmr/m/it/12 Brez sta-nja (ang. Sta-te-less) \OT1/cmr
/m/n/12 mo-rajo biti vse in-te-rak-cije med streznikom
 []

Package babel Info: Redefining slovene shorthand "|
(babel)             in language  on input line 434.
Package babel Info: Redefining slovene shorthand "|
(babel)             in language  on input line 434.
[7]

LaTeX Warning: Citation `Flask' on page 8 undefined on input line 443.


LaTeX Warning: Reference `Drinks_DB_function' on page 8 undefined on input line
 445.


LaTeX Warning: Reference `Drinks_URI' on page 8 undefined on input line 445.


Underfull \vbox (badness 1406) has occurred while \output is active []

Package babel Info: Redefining slovene shorthand "|
(babel)             in language  on input line 446.
Package babel Info: Redefining slovene shorthand "|
(babel)             in language  on input line 446.
 [8]
<drinks_1.jpg, id=222, 241.65282pt x 307.1475pt>
File: drinks_1.jpg Graphic file (type jpg)
<use drinks_1.jpg>
Package pdftex.def Info: drinks_1.jpg  used on input line 450. on input line 45
0.
Package pdftex.def Info: Requested size: 195.0pt x 247.86014pt on input line 45
0.
<drinks_2.jpg, id=223, 568.37344pt x 64.74188pt>
File: drinks_2.jpg Graphic file (type jpg)
<use drinks_2.jpg>
Package pdftex.def Info: drinks_2.jpg  used on input line 458. on input line 45
8.
Package pdftex.def Info: Requested size: 398.33858pt x 45.3753pt on input line 
458.

Overfull \hbox (8.33858pt too wide) in paragraph at lines 458--459
 [] 
 []


LaTeX Warning: Reference `ServerEX' on page 9 undefined on input line 464.


LaTeX Warning: Reference `ServerEX2' on page 9 undefined on input line 464.

Package babel Info: Redefining slovene shorthand "|
(babel)             in language  on input line 465.
Package babel Info: Redefining slovene shorthand "|
(babel)             in language  on input line 465.
[9 <./drinks_1.jpg> <./drinks_2.jpg>]
<Server_example.jpg, id=230, 360.59718pt x 481.04718pt>
File: Server_example.jpg Graphic file (type jpg)
<use Server_example.jpg>
Package pdftex.def Info: Server_example.jpg  used on input line 468. on input l
ine 468.
Package pdftex.def Info: Requested size: 284.52756pt x 379.56801pt on input lin
e 468.
<Server_example_2.jpg, id=231, 542.025pt x 213.04594pt>
File: Server_example_2.jpg Graphic file (type jpg)
<use Server_example_2.jpg>
Package pdftex.def Info: Server_example_2.jpg  used on input line 476. on input
 line 476.
Package pdftex.def Info: Requested size: 341.43306pt x 134.20663pt on input lin
e 476.
Package babel Info: Redefining slovene shorthand "|
(babel)             in language  on input line 483.
Package babel Info: Redefining slovene shorthand "|
(babel)             in language  on input line 483.
 [10 <./Server_example.jpg>]

LaTeX Warning: Reference `Cookies' on page 11 undefined on input line 486.

<cookie-how1.png, id=237, 455.0601pt x 256.0767pt>
File: cookie-how1.png Graphic file (type png)
<use cookie-how1.png>
Package pdftex.def Info: cookie-how1.png  used on input line 490. on input line
 490.
Package pdftex.def Info: Requested size: 398.33858pt x 224.16815pt on input lin
e 490.

Overfull \hbox (8.33858pt too wide) in paragraph at lines 490--491
 [] 
 []

Package babel Info: Redefining slovene shorthand "|
(babel)             in language  on input line 494.
Package babel Info: Redefining slovene shorthand "|
(babel)             in language  on input line 494.
[11 <./Server_example_2.jpg>]
Package babel Info: Redefining slovene shorthand "|
(babel)             in language  on input line 496.


LaTeX Warning: Citation `reaktivnost' on page 12 undefined on input line 498.

Package babel Info: Redefining slovene shorthand "|
(babel)             in language  on input line 499.
Package babel Info: Redefining slovene shorthand "|
(babel)             in language  on input line 499.
[12 <./cookie-how1.png>]

LaTeX Warning: Citation `VueCLI' on page 13 undefined on input line 500.


LaTeX Warning: Citation `Vuex' on page 13 undefined on input line 501.


LaTeX Warning: Citation `VueRouter' on page 13 undefined on input line 502.


LaTeX Warning: Citation `ESLint' on page 13 undefined on input line 503.


LaTeX Warning: Citation `Vuetify' on page 13 undefined on input line 504.


LaTeX Warning: Reference `Gost' on page 13 undefined on input line 510.


LaTeX Warning: Reference `NatakarGost' on page 13 undefined on input line 510.

Package babel Info: Redefining slovene shorthand "|
(babel)             in language  on input line 511.
Package babel Info: Redefining slovene shorthand "|
(babel)             in language  on input line 511.
[13]
<gost_1.jpg, id=255, 950.04938pt x 1029.09468pt>
File: gost_1.jpg Graphic file (type jpg)
<use gost_1.jpg>
Package pdftex.def Info: gost_1.jpg  used on input line 514. on input line 514.

Package pdftex.def Info: Requested size: 398.33858pt x 431.47879pt on input lin
e 514.

Overfull \hbox (8.33858pt too wide) in paragraph at lines 514--515
 [] 
 []

<natakar-gost_1.jpg, id=256, 949.29657pt x 1023.825pt>
File: natakar-gost_1.jpg Graphic file (type jpg)
<use natakar-gost_1.jpg>
Package pdftex.def Info: natakar-gost_1.jpg  used on input line 522. on input l
ine 522.
Package pdftex.def Info: Requested size: 341.43306pt x 368.23303pt on input lin
e 522.

LaTeX Warning: Reference `SocketIO_1' on page 14 undefined on input line 530.

Package babel Info: Redefining slovene shorthand "|
(babel)             in language  on input line 531.
Package babel Info: Redefining slovene shorthand "|
(babel)             in language  on input line 531.
[14 <./gost_1.jpg>]
<socketio_1.jpg, id=262, 462.22687pt x 389.20406pt>
File: socketio_1.jpg Graphic file (type jpg)
<use socketio_1.jpg>
Package pdftex.def Info: socketio_1.jpg  used on input line 534. on input line 
534.
Package pdftex.def Info: Requested size: 341.43306pt x 287.49576pt on input lin
e 534.

Underfull \vbox (badness 10000) has occurred while \output is active []

Package babel Info: Redefining slovene shorthand "|
(babel)             in language  on input line 542.
Package babel Info: Redefining slovene shorthand "|
(babel)             in language  on input line 542.
 [15 <./natakar-gost_1.jpg>]
<axios_1.jpg, id=268, 420.82219pt x 147.55125pt>
File: axios_1.jpg Graphic file (type jpg)
<use axios_1.jpg>
Package pdftex.def Info: axios_1.jpg  used on input line 545. on input line 545
.
Package pdftex.def Info: Requested size: 341.43306pt x 119.71622pt on input lin
e 545.
Package babel Info: Redefining slovene shorthand "|
(babel)             in language  on input line 552.
Package babel Info: Redefining slovene shorthand "|
(babel)             in language  on input line 552.
 [16 <./socketio_1.jpg>]
Package babel Info: Redefining slovene shorthand "|
(babel)             in language  on input line 552.
Package babel Info: Redefining slovene shorthand "|
(babel)             in language  on input line 552.
 [17 <./axios_1.jpg>]
Package babel Info: Redefining slovene shorthand "|
(babel)             in language  on input line 552.
Package babel Info: Redefining slovene shorthand "|
(babel)             in language  on input line 552.
 [18

]
Poglavje 3.
Package babel Info: Redefining slovene shorthand "|
(babel)             in language  on input line 552.
Package babel Info: Redefining slovene shorthand "|
(babel)             in language  on input line 553.
Package babel Info: Redefining slovene shorthand "|
(babel)             in language  on input line 554.
Package babel Info: Redefining slovene shorthand "|
(babel)             in language  on input line 555.
Package babel Info: Redefining slovene shorthand "|
(babel)             in language  on input line 557.
Package babel Info: Redefining slovene shorthand "|
(babel)             in language  on input line 557.
[19]
Package babel Info: Redefining slovene shorthand "|
(babel)             in language  on input line 557.
Package babel Info: Redefining slovene shorthand "|
(babel)             in language  on input line 557.
 [20

]
Poglavje 4.
Package babel Info: Redefining slovene shorthand "|
(babel)             in language  on input line 557.
Package babel Info: Redefining slovene shorthand "|
(babel)             in language  on input line 559.
Package babel Info: Redefining slovene shorthand "|
(babel)             in language  on input line 559.
[21]
Package babel Info: Redefining slovene shorthand "|
(babel)             in language  on input line 559.
Package babel Info: Redefining slovene shorthand "|
(babel)             in language  on input line 559.
 [22

]
Poglavje 5.
Package babel Info: Redefining slovene shorthand "|
(babel)             in language  on input line 559.
Package babel Info: Redefining slovene shorthand "|
(babel)             in language  on input line 560.
Package babel Info: Redefining slovene shorthand "|
(babel)             in language  on input line 560.
[23]
Underfull \hbox (badness 10000) in paragraph at lines 561--562

 []

Package babel Info: Redefining slovene shorthand "|
(babel)             in language  on input line 562.
Package babel Info: Redefining slovene shorthand "|
(babel)             in language  on input line 562.
[24]
Package babel Info: Redefining slovene shorthand "|
(babel)             in language  on input line 563.
 (vzorec_dip_Seminar.bbl

LaTeX Warning: Empty `thebibliography' environment on input line 3.

)
Package atveryend Info: Empty hook `BeforeClearDocument' on input line 568.
Package babel Info: Redefining slovene shorthand "|
(babel)             in language  on input line 568.
Package babel Info: Redefining slovene shorthand "|
(babel)             in language  on input line 568.
 [25


]
Package atveryend Info: Empty hook `AfterLastShipout' on input line 568.
 (vzorec_dip_Seminar.aux)
Package atveryend Info: Executing hook `AtVeryEndDocument' on input line 568.
Package atveryend Info: Executing hook `AtEndAfterFileList' on input line 568.


Package rerunfilecheck Warning: File `vzorec_dip_Seminar.out' has changed.
(rerunfilecheck)                Rerun to get outlines right
(rerunfilecheck)                or use package `bookmark'.

Package rerunfilecheck Info: Checksums for `vzorec_dip_Seminar.out':
(rerunfilecheck)             Before: C8BC6A054EC3462425450E9B8CAD3DAC;1526
(rerunfilecheck)             After:  41CAC74ABA53196AF184A28A9B9AAF84;773.

LaTeX Warning: There were undefined references.


LaTeX Warning: Label(s) may have changed. Rerun to get cross-references right.

Package atveryend Info: Empty hook `AtVeryVeryEnd' on input line 568.
 ) 
Here is how much of TeX's memory you used:
 8264 strings out of 493323
 115687 string characters out of 3139065
 214417 words of memory out of 3000000
 11593 multiletter control sequences out of 15000+200000
 12983 words of font info for 47 fonts, out of 3000000 for 9000
 1141 hyphenation exceptions out of 8191
 28i,11n,43p,1040b,512s stack positions out of 5000i,500n,10000p,200000b,50000s
pdfTeX warning (dest): name{chapter.12} has been referenced but does not exis
t, replaced by a fixed one

pdfTeX warning (dest): name{chapter.11} has been referenced but does not exist,
 replaced by a fixed one

pdfTeX warning (dest): name{section.10.1} has been referenced but does not exis
t, replaced by a fixed one

pdfTeX warning (dest): name{chapter.10} has been referenced but does not exist,
 replaced by a fixed one

pdfTeX warning (dest): name{section.9.1} has been referenced but does not exist
, replaced by a fixed one

pdfTeX warning (dest): name{chapter.9} has been referenced but does not exist, 
replaced by a fixed one

pdfTeX warning (dest): name{chapter.8} has been referenced but does not exist, 
replaced by a fixed one

pdfTeX warning (dest): name{chapter.7} has been referenced but does not exist, 
replaced by a fixed one

pdfTeX warning (dest): name{subsection.6.1.1} has been referenced but does not 
exist, replaced by a fixed one

pdfTeX warning (dest): name{section.6.1} has been referenced but does not exist
, replaced by a fixed one

pdfTeX warning (dest): name{chapter.6} has been referenced but does not exist, 
replaced by a fixed one

pdfTeX warning (dest): name{subsection.2.1.3} has been referenced but does not 
exist, replaced by a fixed one

pdfTeX warning (dest): name{subsection.2.1.2} has been referenced but does not 
exist, replaced by a fixed one

pdfTeX warning (dest): name{subsection.2.1.1} has been referenced but does not 
exist, replaced by a fixed one

<C:/Program Files/MiKTeX 2.9/fonts/type1/public/amsfonts/cm/cmbx12.pfb><C:/Prog
ram Files/MiKTeX 2.9/fonts/type1/public/amsfonts/cm/cmbx8.pfb><C:/Program Files
/MiKTeX 2.9/fonts/type1/public/amsfonts/cm/cmcsc10.pfb><C:/Program Files/MiKTeX
 2.9/fonts/type1/public/amsfonts/cm/cmr12.pfb><C:/Program Files/MiKTeX 2.9/font
s/type1/public/amsfonts/cm/cmr17.pfb><C:/Program Files/MiKTeX 2.9/fonts/type1/p
ublic/amsfonts/cm/cmr8.pfb><C:/Program Files/MiKTeX 2.9/fonts/type1/public/amsf
onts/cm/cmsl12.pfb><C:/Program Files/MiKTeX 2.9/fonts/type1/public/amsfonts/cm/
cmti12.pfb><C:/Program Files/MiKTeX 2.9/fonts/type1/public/amsfonts/cm/cmti8.pf
b>
Output written on vzorec_dip_Seminar.pdf (39 pages, 1027275 bytes).
PDF statistics:
 364 PDF objects out of 1000 (max. 8388607)
 69 named destinations out of 1000 (max. 500000)
 257 words of extra memory for PDF output out of 10000 (max. 10000000)

